Using pre-set license
Built from '2020.3/release' branch; Version is '2020.3.7f1 (dd97f2c94397) revision 14522354'; Using compiler version '192528614'; Build Type 'Release'
OS: 'Windows 10 Home; OS build 19043.1526; Version 2009; 64bit' Language: 'en' Physical Memory: 16251 MB
BatchMode: 1, IsHumanControllingUs: 0, StartBugReporterOnCrash: 0, Is64bit: 1, IsPro: 0

 COMMAND LINE ARGUMENTS:
D:\Installs\Unity\Unity Editors\2020.3.7f1\Editor\Unity.exe
-adb2
-batchMode
-noUpm
-name
AssetImportWorker5
-projectPath
D:/GitHub/Repositories/grand_strategy/GameDev
-logFile
Logs/AssetImportWorker5.log
-srvPort
60323
Successfully changed project path to: D:/GitHub/Repositories/grand_strategy/GameDev
D:/GitHub/Repositories/grand_strategy/GameDev
Using Asset Import Pipeline V2.
Refreshing native plugins compatible for Editor in 69.38 ms, found 0 plugins.
Preloading 0 native plugins for Editor in 0.00 ms.
Initialize engine version: 2020.3.7f1 (dd97f2c94397)
[Subsystems] Discovering subsystems at path D:/Installs/Unity/Unity Editors/2020.3.7f1/Editor/Data/Resources/UnitySubsystems
[Subsystems] Discovering subsystems at path D:/GitHub/Repositories/grand_strategy/GameDev/Assets
GfxDevice: creating device client; threaded=0
Direct3D:
    Version:  Direct3D 11.0 [level 11.1]
    Renderer: NVIDIA GeForce GTX 1660 Ti (ID=0x2191)
    Vendor:   
    VRAM:     5991 MB
    Driver:   30.0.14.9709
Initialize mono
Mono path[0] = 'D:/Installs/Unity/Unity Editors/2020.3.7f1/Editor/Data/Managed'
Mono path[1] = 'D:/Installs/Unity/Unity Editors/2020.3.7f1/Editor/Data/MonoBleedingEdge/lib/mono/unityjit'
Mono config path = 'D:/Installs/Unity/Unity Editors/2020.3.7f1/Editor/Data/MonoBleedingEdge/etc'
Using monoOptions --debugger-agent=transport=dt_socket,embedding=1,server=y,suspend=n,address=127.0.0.1:56332
Begin MonoManager ReloadAssembly
Registering precompiled unity dll's ...
Register platform support module: D:/Installs/Unity/Unity Editors/2020.3.7f1/Editor/Data/PlaybackEngines/WebGLSupport/UnityEditor.WebGL.Extensions.dll
Register platform support module: D:/Installs/Unity/Unity Editors/2020.3.7f1/Editor/Data/PlaybackEngines/WindowsStandaloneSupport/UnityEditor.WindowsStandalone.Extensions.dll
Registered in 0.002047 seconds.
Native extension for WindowsStandalone target not found
Native extension for WebGL target not found
Refreshing native plugins compatible for Editor in 65.01 ms, found 0 plugins.
Preloading 0 native plugins for Editor in 0.00 ms.
Mono: successfully reloaded assembly
- Completed reload, in 25.396 seconds
Platform modules already initialized, skipping
Registering precompiled user dll's ...
Registered in 0.001766 seconds.
Begin MonoManager ReloadAssembly
Native extension for WindowsStandalone target not found
Native extension for WebGL target not found
Refreshing native plugins compatible for Editor in 72.14 ms, found 0 plugins.
Preloading 0 native plugins for Editor in 0.00 ms.
Mono: successfully reloaded assembly
- Completed reload, in  2.699 seconds
Platform modules already initialized, skipping
========================================================================
Worker process is ready to serve import requests
Launched and connected shader compiler UnityShaderCompiler.exe after 0.14 seconds
Refreshing native plugins compatible for Editor in 0.61 ms, found 0 plugins.
Preloading 0 native plugins for Editor in 0.00 ms.
Unloading 3366 Unused Serialized files (Serialized files now loaded: 0)
System memory in use before: 170.3 MB.
System memory in use after: 170.5 MB.

Unloading 11 unused Assets to reduce memory usage. Loaded Objects now: 3824.
Total: 3.651600 ms (FindLiveObjects: 1.038800 ms CreateObjectMapping: 0.267300 ms MarkObjects: 2.268500 ms  DeleteObjects: 0.075000 ms)

========================================================================
Received Import Request.
  path: Assets/Scripts/Editor/InvertedPrimitives.cs
  artifactKey: Guid(9fe3b15d98e956e49ace553639b08ad7) Importer(815301076,1909f56bfc062723c751e8b465ee728b)
Start importing Assets/Scripts/Editor/InvertedPrimitives.cs using Guid(9fe3b15d98e956e49ace553639b08ad7) Importer(815301076,1909f56bfc062723c751e8b465ee728b)  -> (artifact id: 'e2a39e6f4b141e31522c47c2ddcfe81b') in 0.056187 seconds
  Import took 0.093988 seconds .

========================================================================
Received Prepare
Registering precompiled user dll's ...
Registered in 0.001654 seconds.
Begin MonoManager ReloadAssembly
Native extension for WindowsStandalone target not found
Native extension for WebGL target not found
Refreshing native plugins compatible for Editor in 0.48 ms, found 0 plugins.
Preloading 0 native plugins for Editor in 0.00 ms.
Mono: successfully reloaded assembly
- Completed reload, in  0.922 seconds
Platform modules already initialized, skipping
Refreshing native plugins compatible for Editor in 0.51 ms, found 0 plugins.
Preloading 0 native plugins for Editor in 0.00 ms.
Unloading 3088 Unused Serialized files (Serialized files now loaded: 0)
System memory in use before: 155.6 MB.
System memory in use after: 155.8 MB.

Unloading 8 unused Assets to reduce memory usage. Loaded Objects now: 3826.
Total: 2.788600 ms (FindLiveObjects: 0.312600 ms CreateObjectMapping: 0.165000 ms MarkObjects: 2.182600 ms  DeleteObjects: 0.127500 ms)

========================================================================
Received Prepare
Registering precompiled user dll's ...
Registered in 0.001408 seconds.
Begin MonoManager ReloadAssembly
Native extension for WindowsStandalone target not found
Native extension for WebGL target not found
Refreshing native plugins compatible for Editor in 0.51 ms, found 0 plugins.
Preloading 0 native plugins for Editor in 0.00 ms.
Mono: successfully reloaded assembly
- Completed reload, in  0.966 seconds
Platform modules already initialized, skipping
Refreshing native plugins compatible for Editor in 0.49 ms, found 0 plugins.
Preloading 0 native plugins for Editor in 0.00 ms.
Unloading 3088 Unused Serialized files (Serialized files now loaded: 0)
System memory in use before: 155.6 MB.
System memory in use after: 155.8 MB.

Unloading 7 unused Assets to reduce memory usage. Loaded Objects now: 3829.
Total: 3.065600 ms (FindLiveObjects: 0.404400 ms CreateObjectMapping: 0.256700 ms MarkObjects: 2.297000 ms  DeleteObjects: 0.105800 ms)

========================================================================
Received Prepare
Registering precompiled user dll's ...
Registered in 0.001472 seconds.
Begin MonoManager ReloadAssembly
Native extension for WindowsStandalone target not found
Native extension for WebGL target not found
Refreshing native plugins compatible for Editor in 0.59 ms, found 0 plugins.
Preloading 0 native plugins for Editor in 0.00 ms.
Mono: successfully reloaded assembly
- Completed reload, in  0.947 seconds
Platform modules already initialized, skipping
Refreshing native plugins compatible for Editor in 0.51 ms, found 0 plugins.
Preloading 0 native plugins for Editor in 0.00 ms.
Unloading 3088 Unused Serialized files (Serialized files now loaded: 0)
System memory in use before: 155.6 MB.
System memory in use after: 155.8 MB.

Unloading 7 unused Assets to reduce memory usage. Loaded Objects now: 3832.
Total: 3.081100 ms (FindLiveObjects: 0.342800 ms CreateObjectMapping: 0.182000 ms MarkObjects: 2.499900 ms  DeleteObjects: 0.054900 ms)

========================================================================
Received Import Request.
  Time since last request: 1981.491060 seconds.
  path: Assets/Resources/Shaders/Space/Background/Star.shadersubgraph
  artifactKey: Guid(aa0fef6fa0d71c447be33847fbf36ed1) Importer(815301076,1909f56bfc062723c751e8b465ee728b)
Start importing Assets/Resources/Shaders/Space/Background/Star.shadersubgraph using Guid(aa0fef6fa0d71c447be33847fbf36ed1) Importer(815301076,1909f56bfc062723c751e8b465ee728b)  -> (artifact id: '6fad37c09f276d23e253c5c6c5992d85') in 0.034638 seconds
  Import took 0.090979 seconds .

========================================================================
Received Import Request.
  Time since last request: 0.081541 seconds.
  path: Assets/Resources/Shaders/Space/Background/Star.shadersubgraph
  artifactKey: Guid(aa0fef6fa0d71c447be33847fbf36ed1) Importer(815301076,1909f56bfc062723c751e8b465ee728b)
Start importing Assets/Resources/Shaders/Space/Background/Star.shadersubgraph using Guid(aa0fef6fa0d71c447be33847fbf36ed1) Importer(815301076,1909f56bfc062723c751e8b465ee728b)  -> (artifact id: '6fad37c09f276d23e253c5c6c5992d85') in 0.004204 seconds
  Import took 0.017678 seconds .

========================================================================
Received Import Request.
  Time since last request: 81.758925 seconds.
  path: Assets/Resources/Shaders/Space/Background/Star.shadersubgraph
  artifactKey: Guid(aa0fef6fa0d71c447be33847fbf36ed1) Importer(815301076,1909f56bfc062723c751e8b465ee728b)
Start importing Assets/Resources/Shaders/Space/Background/Star.shadersubgraph using Guid(aa0fef6fa0d71c447be33847fbf36ed1) Importer(815301076,1909f56bfc062723c751e8b465ee728b)  -> (artifact id: '5daac7b6b9f1bbfe3bc13f1199361c86') in 0.004604 seconds
  Import took 0.030405 seconds .

========================================================================
Received Import Request.
  Time since last request: 2179.721770 seconds.
  path: Assets/Resources/Materials/WorldGen/Space.mat
  artifactKey: Guid(852e8394cf721c74fb44b3c63261d846) Importer(815301076,1909f56bfc062723c751e8b465ee728b)
Start importing Assets/Resources/Materials/WorldGen/Space.mat using Guid(852e8394cf721c74fb44b3c63261d846) Importer(815301076,1909f56bfc062723c751e8b465ee728b) Launched and connected shader compiler UnityShaderCompiler.exe after 0.06 seconds
Launched and connected shader compiler UnityShaderCompiler.exe after 0.04 seconds
Launched and connected shader compiler UnityShaderCompiler.exe after 0.04 seconds
Launched and connected shader compiler UnityShaderCompiler.exe after 0.04 seconds
Launched and connected shader compiler UnityShaderCompiler.exe after 0.04 seconds
Launched and connected shader compiler UnityShaderCompiler.exe after 0.04 seconds
Launched and connected shader compiler UnityShaderCompiler.exe after 0.04 seconds
Launched and connected shader compiler UnityShaderCompiler.exe after 0.04 seconds
Launched and connected shader compiler UnityShaderCompiler.exe after 0.04 seconds
Launched and connected shader compiler UnityShaderCompiler.exe after 0.04 seconds
Launched and connected shader compiler UnityShaderCompiler.exe after 0.04 seconds
 -> (artifact id: 'b9a200dceb3418acb951a08c421b64d3') in 2.001699 seconds
  Import took 2.031098 seconds .

