Using pre-set license
Built from '2020.3/release' branch; Version is '2020.3.7f1 (dd97f2c94397) revision 14522354'; Using compiler version '192528614'; Build Type 'Release'
OS: 'Windows 10 Home; OS build 19043.1586; Version 2009; 64bit' Language: 'en' Physical Memory: 16251 MB
BatchMode: 1, IsHumanControllingUs: 0, StartBugReporterOnCrash: 0, Is64bit: 1, IsPro: 0

 COMMAND LINE ARGUMENTS:
D:\Installs\Unity\Unity Editors\2020.3.7f1\Editor\Unity.exe
-adb2
-batchMode
-noUpm
-name
AssetImportWorker1
-projectPath
D:/GitHub/Repositories/grand_strategy/GameDev
-logFile
Logs/AssetImportWorker1.log
-srvPort
65519
Successfully changed project path to: D:/GitHub/Repositories/grand_strategy/GameDev
D:/GitHub/Repositories/grand_strategy/GameDev
Using Asset Import Pipeline V2.
Refreshing native plugins compatible for Editor in 101.33 ms, found 0 plugins.
Preloading 0 native plugins for Editor in 0.00 ms.
Initialize engine version: 2020.3.7f1 (dd97f2c94397)
[Subsystems] Discovering subsystems at path D:/Installs/Unity/Unity Editors/2020.3.7f1/Editor/Data/Resources/UnitySubsystems
[Subsystems] Discovering subsystems at path D:/GitHub/Repositories/grand_strategy/GameDev/Assets
GfxDevice: creating device client; threaded=0
Direct3D:
    Version:  Direct3D 11.0 [level 11.1]
    Renderer: NVIDIA GeForce GTX 1660 Ti (ID=0x2191)
    Vendor:   
    VRAM:     5991 MB
    Driver:   30.0.14.9709
Initialize mono
Mono path[0] = 'D:/Installs/Unity/Unity Editors/2020.3.7f1/Editor/Data/Managed'
Mono path[1] = 'D:/Installs/Unity/Unity Editors/2020.3.7f1/Editor/Data/MonoBleedingEdge/lib/mono/unityjit'
Mono config path = 'D:/Installs/Unity/Unity Editors/2020.3.7f1/Editor/Data/MonoBleedingEdge/etc'
Using monoOptions --debugger-agent=transport=dt_socket,embedding=1,server=y,suspend=n,address=127.0.0.1:56000
Begin MonoManager ReloadAssembly
Registering precompiled unity dll's ...
Register platform support module: D:/Installs/Unity/Unity Editors/2020.3.7f1/Editor/Data/PlaybackEngines/WebGLSupport/UnityEditor.WebGL.Extensions.dll
Register platform support module: D:/Installs/Unity/Unity Editors/2020.3.7f1/Editor/Data/PlaybackEngines/WindowsStandaloneSupport/UnityEditor.WindowsStandalone.Extensions.dll
Registered in 0.001357 seconds.
Native extension for WindowsStandalone target not found
Native extension for WebGL target not found
Refreshing native plugins compatible for Editor in 60.76 ms, found 0 plugins.
Preloading 0 native plugins for Editor in 0.00 ms.
Mono: successfully reloaded assembly
- Completed reload, in  1.006 seconds
Platform modules already initialized, skipping
Registering precompiled user dll's ...
Registered in 0.003065 seconds.
Begin MonoManager ReloadAssembly
Native extension for WindowsStandalone target not found
Native extension for WebGL target not found
Refreshing native plugins compatible for Editor in 75.75 ms, found 0 plugins.
Preloading 0 native plugins for Editor in 0.00 ms.
Mono: successfully reloaded assembly
- Completed reload, in  5.384 seconds
Platform modules already initialized, skipping
========================================================================
Worker process is ready to serve import requests
Launched and connected shader compiler UnityShaderCompiler.exe after 0.13 seconds
Refreshing native plugins compatible for Editor in 0.74 ms, found 0 plugins.
Preloading 0 native plugins for Editor in 0.00 ms.
Unloading 3773 Unused Serialized files (Serialized files now loaded: 0)
System memory in use before: 193.5 MB.
System memory in use after: 193.7 MB.

Unloading 19 unused Assets to reduce memory usage. Loaded Objects now: 4222.
Total: 3.202100 ms (FindLiveObjects: 0.376300 ms CreateObjectMapping: 0.198500 ms MarkObjects: 2.505700 ms  DeleteObjects: 0.119800 ms)

========================================================================
Received Import Request.
  path: Assets/Scripts/DataStructures/KDTree/KNN.asmdef
  artifactKey: Guid(736656da9c7cc71478d489798cd8a1cf) Importer(815301076,1909f56bfc062723c751e8b465ee728b)
Start importing Assets/Scripts/DataStructures/KDTree/KNN.asmdef using Guid(736656da9c7cc71478d489798cd8a1cf) Importer(815301076,1909f56bfc062723c751e8b465ee728b)  -> (artifact id: 'f74c8dda91a2d211affbbce818d3cb10') in 0.058884 seconds
  Import took 0.083358 seconds .

========================================================================
Received Import Request.
  Time since last request: 170.113261 seconds.
  path: Assets/Scripts/DataStructures/KDTree/KNN.asmdef
  artifactKey: Guid(736656da9c7cc71478d489798cd8a1cf) Importer(815301076,1909f56bfc062723c751e8b465ee728b)
Start importing Assets/Scripts/DataStructures/KDTree/KNN.asmdef using Guid(736656da9c7cc71478d489798cd8a1cf) Importer(815301076,1909f56bfc062723c751e8b465ee728b)  -> (artifact id: 'dc30969fdcdf65b71182754aceca6714') in 0.001726 seconds
  Import took 0.063595 seconds .

========================================================================
Received Prepare
Registering precompiled user dll's ...
Registered in 0.004320 seconds.
Begin MonoManager ReloadAssembly
Native extension for WindowsStandalone target not found
Native extension for WebGL target not found
Refreshing native plugins compatible for Editor in 0.73 ms, found 0 plugins.
Preloading 0 native plugins for Editor in 0.00 ms.
Cancelling DisplayDialog: Burst Package Update Detected The version of Burst used by your project has changed. Please restart the Editor to continue.
This should not be called in batch mode.
UnityEngine.StackTraceUtility:ExtractStackTrace ()
UnityEditor.EditorUtility:DisplayDialog (string,string,string)
Unity.Burst.Editor.BurstLoader:OnVersionChangeDetected () (at Library/PackageCache/com.unity.burst@1.6.4/Runtime/Editor/BurstLoader.cs:99)
Unity.Burst.Editor.BurstLoader:VersionUpdateCheck () (at Library/PackageCache/com.unity.burst@1.6.4/Runtime/Editor/BurstLoader.cs:73)
Unity.Burst.Editor.BurstLoader:.cctor () (at Library/PackageCache/com.unity.burst@1.6.4/Runtime/Editor/BurstLoader.cs:166)
System.Runtime.CompilerServices.RuntimeHelpers:RunClassConstructor (System.RuntimeTypeHandle)
UnityEditor.EditorAssemblies:ProcessInitializeOnLoadAttributes (System.Type[])

[Library/PackageCache/com.unity.burst@1.6.4/Runtime/Editor/BurstLoader.cs line 99]

Mono: successfully reloaded assembly
- Completed reload, in  1.301 seconds
Platform modules already initialized, skipping
Refreshing native plugins compatible for Editor in 0.62 ms, found 0 plugins.
Preloading 0 native plugins for Editor in 0.00 ms.
Unloading 3538 Unused Serialized files (Serialized files now loaded: 0)
System memory in use before: 181.0 MB.
System memory in use after: 181.2 MB.

Unloading 17 unused Assets to reduce memory usage. Loaded Objects now: 4267.
Total: 3.169000 ms (FindLiveObjects: 0.411800 ms CreateObjectMapping: 0.271800 ms MarkObjects: 2.413500 ms  DeleteObjects: 0.070000 ms)

AssetImportWorkerClient::OnTransportError - code=2 error=End of file
